ARM GAS  /cygdrive/c/Users/embedded/AppData/Local/Temp/ccfjMRog.s 			page 1


   1              		.file	"irq_timer1.c"
   2              		.section	.debug_abbrev,"",%progbits
   3              	.Ldebug_abbrev0:
   4              		.section	.debug_info,"",%progbits
   5              	.Ldebug_info0:
   6              		.section	.debug_line,"",%progbits
   7              	.Ldebug_line0:
   8 0000 80000000 		.text
   8      02004900 
   8      00000201 
   8      FB0E0D00 
   8      01010101 
   9              	.Ltext0:
  10              		.align	2
  11              		.global	send_SPI
  12              		.type	send_SPI, %function
  13              	send_SPI:
  14              	.LFB2:
  15              		.file 1 "irq_timer1.c"
   1:irq_timer1.c  **** /******************************************************************************
   2:irq_timer1.c  ****  *
   3:irq_timer1.c  ****  * Copyright:
   4:irq_timer1.c  ****  *    (C) 2000 - 2005 Embedded Artists AB
   5:irq_timer1.c  ****  *
   6:irq_timer1.c  ****  *****************************************************************************/
   7:irq_timer1.c  **** 
   8:irq_timer1.c  **** #include "../../pre_emptive_os/api/general.h"
   9:irq_timer1.c  **** #include <lpc2xxx.h>
  10:irq_timer1.c  **** 
  11:irq_timer1.c  **** #define  SPI_CS   0x00008000  //<= new board, old board = 0x00800000
  12:irq_timer1.c  **** 
  13:irq_timer1.c  **** extern tU8 pattern[8];
  14:irq_timer1.c  **** extern tU32 timer;
  15:irq_timer1.c  **** 
  16:irq_timer1.c  **** 
  17:irq_timer1.c  **** /*****************************************************************************
  18:irq_timer1.c  ****  *
  19:irq_timer1.c  ****  * Description:
  20:irq_timer1.c  ****  *
  21:irq_timer1.c  ****  ****************************************************************************/
  22:irq_timer1.c  **** void send_SPI(unsigned char indata)
  23:irq_timer1.c  **** {
  16              		.loc 1 23 0
  17              		@ Function supports interworking.
  18              		@ args = 0, pretend = 0, frame = 0
  19              		@ frame_needed = 0, uses_anonymous_args = 0
  20              		@ link register save eliminated.
  21              	.LVL0:
  24:irq_timer1.c  **** 	tU32 failsafe;
  25:irq_timer1.c  **** 	
  26:irq_timer1.c  ****   IOCLR0 = SPI_CS;  //Aktiverar SPI
  22              		.loc 1 26 0
  23 0000 7C309FE5 		ldr	r3, .L11
  24 0004 0229A0E3 		mov	r2, #32768
  25 0008 0C2083E5 		str	r2, [r3, #12]
  26              		.loc 1 23 0
  27 000c FF0000E2 		and	r0, r0, #255
ARM GAS  /cygdrive/c/Users/embedded/AppData/Local/Temp/ccfjMRog.s 			page 2


  27:irq_timer1.c  ****   
  28:irq_timer1.c  ****   SPI_SPDR = indata;
  28              		.loc 1 28 0
  29 0010 023943E2 		sub	r3, r3, #32768
  30 0014 0010A0E3 		mov	r1, #0
  31              	.LVL1:
  32              		.loc 1 23 0
  33              		@ lr needed for prologue
  34              		.loc 1 28 0
  35 0018 080083E5 		str	r0, [r3, #8]
  36 001c 000000EA 		b	.L2
  37              	.L3:
  29:irq_timer1.c  ****   failsafe = 0;
  30:irq_timer1.c  ****   while(((SPI_SPSR & 0x80) == 0) && (failsafe < 5000))
  31:irq_timer1.c  ****     failsafe++;
  38              		.loc 1 31 0
  39 0020 011081E2 		add	r1, r1, #1
  40              	.L2:
  41              		.loc 1 30 0
  42 0024 5C309FE5 		ldr	r3, .L11+4
  43 0028 043093E5 		ldr	r3, [r3, #4]
  44 002c 800013E3 		tst	r3, #128
  45 0030 0300001A 		bne	.L4
  46 0034 50309FE5 		ldr	r3, .L11+8
  47 0038 030051E1 		cmp	r1, r3
  48 003c F7FFFF1A 		bne	.L3
  49 0040 0B0000EA 		b	.L10
  50              	.L4:
  32:irq_timer1.c  ****   IOSET0 = SPI_CS;  //Inaktiverar SPI
  33:irq_timer1.c  ****   
  34:irq_timer1.c  ****   if (failsafe >= 5000)
  51              		.loc 1 34 0
  52 0044 44309FE5 		ldr	r3, .L11+12
  53 0048 030051E1 		cmp	r1, r3
  54              		.loc 1 32 0
  55 004c 30309FE5 		ldr	r3, .L11
  56 0050 0229A0E3 		mov	r2, #32768
  57 0054 042083E5 		str	r2, [r3, #4]
  58              		.loc 1 34 0
  59 0058 1EFF2F91 		bxls	lr
  60              	.L8:
  35:irq_timer1.c  ****   {
  36:irq_timer1.c  ****     SPI_SPCCR = 0x08;    
  61              		.loc 1 36 0
  62 005c 24309FE5 		ldr	r3, .L11+4
  63 0060 0820A0E3 		mov	r2, #8
  64 0064 0C2083E5 		str	r2, [r3, #12]
  37:irq_timer1.c  ****     SPI_SPCR  = 0x60;
  65              		.loc 1 37 0
  66 0068 582082E2 		add	r2, r2, #88
  67 006c 002083E5 		str	r2, [r3, #0]
  68 0070 1EFF2FE1 		bx	lr
  69              	.L10:
  70              		.loc 1 32 0
  71 0074 08309FE5 		ldr	r3, .L11
  72 0078 0229A0E3 		mov	r2, #32768
  73 007c 042083E5 		str	r2, [r3, #4]
ARM GAS  /cygdrive/c/Users/embedded/AppData/Local/Temp/ccfjMRog.s 			page 3


  74 0080 F5FFFFEA 		b	.L8
  75              	.L12:
  76              		.align	2
  77              	.L11:
  78 0084 008002E0 		.word	-536707072
  79 0088 000002E0 		.word	-536739840
  80 008c 88130000 		.word	5000
  81 0090 87130000 		.word	4999
  82              	.LFE2:
  83              		.size	send_SPI, .-send_SPI
  84              		.align	2
  85              		.global	ledMatrix
  86              		.type	ledMatrix, %function
  87              	ledMatrix:
  88              	.LFB3:
  38:irq_timer1.c  ****   }
  39:irq_timer1.c  **** }
  40:irq_timer1.c  **** 
  41:irq_timer1.c  **** void ledMatrix(void)
  42:irq_timer1.c  **** {
  89              		.loc 1 42 0
  90              		@ Function supports interworking.
  91              		@ args = 0, pretend = 0, frame = 0
  92              		@ frame_needed = 0, uses_anonymous_args = 0
  93 0094 30402DE9 		stmfd	sp!, {r4, r5, lr}
  94              	.LCFI0:
  43:irq_timer1.c  **** 	static tU32 columnCounter = 0x01;
  44:irq_timer1.c  ****  	static tU8 index = 0;
  45:irq_timer1.c  **** 
  46:irq_timer1.c  ****   if (columnCounter > 0x80)
  95              		.loc 1 46 0
  96 0098 84509FE5 		ldr	r5, .L17
  97 009c 003095E5 		ldr	r3, [r5, #0]
  47:irq_timer1.c  ****   {
  48:irq_timer1.c  ****     columnCounter = 0x01;
  49:irq_timer1.c  ****     index = 0;
  50:irq_timer1.c  ****   }
  51:irq_timer1.c  ****   send_SPI(~pattern[index++]);
  98              		.loc 1 51 0
  99 00a0 80109FE5 		ldr	r1, .L17+4
 100              		.loc 1 46 0
 101 00a4 800053E3 		cmp	r3, #128
 102              		.loc 1 49 0
 103 00a8 0030A083 		movhi	r3, #0
 104 00ac 0120A081 		movhi	r2, r1
 105 00b0 0030C285 		strhib	r3, [r2, #0]
 106              		.loc 1 48 0
 107 00b4 01308382 		addhi	r3, r3, #1
 108              		.loc 1 51 0
 109 00b8 0020D1E5 		ldrb	r2, [r1, #0]	@ zero_extendqisi2
 110              		.loc 1 48 0
 111 00bc 00308585 		strhi	r3, [r5, #0]
 112              		.loc 1 51 0
 113 00c0 64309FE5 		ldr	r3, .L17+8
 114 00c4 0200D3E7 		ldrb	r0, [r3, r2]	@ zero_extendqisi2
 115 00c8 012082E2 		add	r2, r2, #1
 116 00cc 0000E0E1 		mvn	r0, r0
ARM GAS  /cygdrive/c/Users/embedded/AppData/Local/Temp/ccfjMRog.s 			page 4


 117 00d0 0020C1E5 		strb	r2, [r1, #0]
 118 00d4 FF0000E2 		and	r0, r0, #255
 119 00d8 FEFFFFEB 		bl	send_SPI
  52:irq_timer1.c  ****   send_SPI(~columnCounter);
 120              		.loc 1 52 0
 121 00dc 004095E5 		ldr	r4, [r5, #0]
 122 00e0 0400E0E1 		mvn	r0, r4
 123 00e4 FF0000E2 		and	r0, r0, #255
 124 00e8 FEFFFFEB 		bl	send_SPI
  53:irq_timer1.c  ****   columnCounter <<= 1;
  54:irq_timer1.c  **** 	
  55:irq_timer1.c  ****   T1IR        = 0xff;        //reset all IRQ flags
  56:irq_timer1.c  ****   VICVectAddr = 0x00;        //dummy write to VIC to signal end of interrupt
  57:irq_timer1.c  ****   timer+=2;
 125              		.loc 1 57 0
 126 00ec 3C009FE5 		ldr	r0, .L17+12
 127              		.loc 1 55 0
 128 00f0 3C309FE5 		ldr	r3, .L17+16
 129              		.loc 1 57 0
 130 00f4 001090E5 		ldr	r1, [r0, #0]
 131              		.loc 1 55 0
 132 00f8 FF20A0E3 		mov	r2, #255
 133 00fc 002083E5 		str	r2, [r3, #0]
 134              		.loc 1 53 0
 135 0100 8440A0E1 		mov	r4, r4, asl #1
 136              		.loc 1 57 0
 137 0104 021081E2 		add	r1, r1, #2
 138              		.loc 1 56 0
 139 0108 0020A0E3 		mov	r2, #0
 140 010c 0030E0E3 		mvn	r3, #0
 141              		.loc 1 53 0
 142 0110 004085E5 		str	r4, [r5, #0]
 143              		.loc 1 56 0
 144 0114 CF2F03E5 		str	r2, [r3, #-4047]
 145              		.loc 1 57 0
 146 0118 001080E5 		str	r1, [r0, #0]
  58:irq_timer1.c  **** }
 147              		.loc 1 58 0
 148 011c 3040BDE8 		ldmfd	sp!, {r4, r5, lr}
 149 0120 1EFF2FE1 		bx	lr
 150              	.L18:
 151              		.align	2
 152              	.L17:
 153 0124 00000000 		.word	columnCounter.1261
 154 0128 00000000 		.word	index.1262
 155 012c 00000000 		.word	pattern
 156 0130 00000000 		.word	timer
 157 0134 008000E0 		.word	-536838144
 158              	.LFE3:
 159              		.size	ledMatrix, .-ledMatrix
 160              		.bss
 161              	index.1262:
 162 0000 00       		.space	1
 163              		.data
 164              		.align	2
 165              		.type	columnCounter.1261, %object
 166              		.size	columnCounter.1261, 4
ARM GAS  /cygdrive/c/Users/embedded/AppData/Local/Temp/ccfjMRog.s 			page 5


 167              	columnCounter.1261:
 168 0000 01000000 		.word	1
 169              		.section	.debug_frame,"",%progbits
 170              	.Lframe0:
 171 0000 0C000000 		.4byte	.LECIE0-.LSCIE0
 172              	.LSCIE0:
 173 0004 FFFFFFFF 		.4byte	0xffffffff
 174 0008 01       		.byte	0x1
 175 0009 00       		.ascii	"\000"
 176 000a 01       		.uleb128 0x1
 177 000b 7C       		.sleb128 -4
 178 000c 0E       		.byte	0xe
 179 000d 0C       		.byte	0xc
 180 000e 0D       		.uleb128 0xd
 181 000f 00       		.uleb128 0x0
 182              		.align	2
 183              	.LECIE0:
 184              	.LSFDE0:
 185 0010 0C000000 		.4byte	.LEFDE0-.LASFDE0
 186              	.LASFDE0:
 187 0014 00000000 		.4byte	.Lframe0
 188 0018 00000000 		.4byte	.LFB2
 189 001c 94000000 		.4byte	.LFE2-.LFB2
 190              		.align	2
 191              	.LEFDE0:
 192              	.LSFDE2:
 193 0020 18000000 		.4byte	.LEFDE2-.LASFDE2
 194              	.LASFDE2:
 195 0024 00000000 		.4byte	.Lframe0
 196 0028 94000000 		.4byte	.LFB3
 197 002c A4000000 		.4byte	.LFE3-.LFB3
 198 0030 44       		.byte	0x4
 199              		.4byte	.LCFI0-.LFB3
 200 0031 0E       		.byte	0xe
 201 0032 0C       		.uleb128 0xc
 202 0033 8E       		.byte	0x8e
 203 0034 01       		.uleb128 0x1
 204 0035 85       		.byte	0x85
 205 0036 02       		.uleb128 0x2
 206 0037 84       		.byte	0x84
 207 0038 03       		.uleb128 0x3
 208 0039 000000   		.align	2
 209              	.LEFDE2:
 210              		.file 2 "../../pre_emptive_os/api/general.h"
 211              		.text
 212              	.Letext0:
 213              		.section	.debug_loc,"",%progbits
 214              	.Ldebug_loc0:
 215              	.LLST1:
 216 0000 94000000 		.4byte	.LFB3-.Ltext0
 217 0004 98000000 		.4byte	.LCFI0-.Ltext0
 218 0008 0100     		.2byte	0x1
 219 000a 5D       		.byte	0x5d
 220 000b 98000000 		.4byte	.LCFI0-.Ltext0
 221 000f 38010000 		.4byte	.LFE3-.Ltext0
 222 0013 0200     		.2byte	0x2
 223 0015 7D       		.byte	0x7d
ARM GAS  /cygdrive/c/Users/embedded/AppData/Local/Temp/ccfjMRog.s 			page 6


 224 0016 0C       		.sleb128 12
 225 0017 00000000 		.4byte	0x0
 226 001b 00000000 		.4byte	0x0
 227              		.section	.debug_info
 228 0000 01010000 		.4byte	0x101
 229 0004 0200     		.2byte	0x2
 230 0006 00000000 		.4byte	.Ldebug_abbrev0
 231 000a 04       		.byte	0x4
 232 000b 01       		.uleb128 0x1
 233 000c 00000000 		.4byte	.Ldebug_line0
 234 0010 38010000 		.4byte	.Letext0
 235 0014 00000000 		.4byte	.Ltext0
 236 0018 9B000000 		.4byte	.LASF14
 237 001c 01       		.byte	0x1
 238 001d DD000000 		.4byte	.LASF15
 239 0021 51000000 		.4byte	.LASF16
 240 0025 02       		.uleb128 0x2
 241 0026 74553800 		.ascii	"tU8\000"
 242 002a 02       		.byte	0x2
 243 002b 47       		.byte	0x47
 244 002c 30000000 		.4byte	0x30
 245 0030 03       		.uleb128 0x3
 246 0031 43000000 		.4byte	.LASF0
 247 0035 01       		.byte	0x1
 248 0036 08       		.byte	0x8
 249 0037 03       		.uleb128 0x3
 250 0038 A7000000 		.4byte	.LASF1
 251 003c 02       		.byte	0x2
 252 003d 07       		.byte	0x7
 253 003e 04       		.uleb128 0x4
 254 003f EA000000 		.4byte	.LASF2
 255 0043 02       		.byte	0x2
 256 0044 49       		.byte	0x49
 257 0045 49000000 		.4byte	0x49
 258 0049 03       		.uleb128 0x3
 259 004a 00000000 		.4byte	.LASF3
 260 004e 04       		.byte	0x4
 261 004f 07       		.byte	0x7
 262 0050 03       		.uleb128 0x3
 263 0051 BA000000 		.4byte	.LASF4
 264 0055 01       		.byte	0x1
 265 0056 06       		.byte	0x6
 266 0057 03       		.uleb128 0x3
 267 0058 CD000000 		.4byte	.LASF5
 268 005c 02       		.byte	0x2
 269 005d 05       		.byte	0x5
 270 005e 05       		.uleb128 0x5
 271 005f 696E7400 		.ascii	"int\000"
 272 0063 04       		.byte	0x4
 273 0064 05       		.byte	0x5
 274 0065 06       		.uleb128 0x6
 275 0066 97000000 		.4byte	0x97
 276 006a 01       		.byte	0x1
 277 006b 3A000000 		.4byte	.LASF6
 278 006f 01       		.byte	0x1
 279 0070 17       		.byte	0x17
 280 0071 01       		.byte	0x1
ARM GAS  /cygdrive/c/Users/embedded/AppData/Local/Temp/ccfjMRog.s 			page 7


 281 0072 00000000 		.4byte	.LFB2
 282 0076 94000000 		.4byte	.LFE2
 283 007a 01       		.byte	0x1
 284 007b 5D       		.byte	0x5d
 285 007c 07       		.uleb128 0x7
 286 007d C6000000 		.4byte	.LASF17
 287 0081 01       		.byte	0x1
 288 0082 16       		.byte	0x16
 289 0083 30000000 		.4byte	0x30
 290 0087 01       		.byte	0x1
 291 0088 50       		.byte	0x50
 292 0089 08       		.uleb128 0x8
 293 008a 31000000 		.4byte	.LASF8
 294 008e 01       		.byte	0x1
 295 008f 18       		.byte	0x18
 296 0090 3E000000 		.4byte	0x3e
 297 0094 01       		.byte	0x1
 298 0095 51       		.byte	0x51
 299 0096 00       		.byte	0x0
 300 0097 09       		.uleb128 0x9
 301 0098 D3000000 		.4byte	0xd3
 302 009c 01       		.byte	0x1
 303 009d 15000000 		.4byte	.LASF7
 304 00a1 01       		.byte	0x1
 305 00a2 2A       		.byte	0x2a
 306 00a3 01       		.byte	0x1
 307 00a4 94000000 		.4byte	.LFB3
 308 00a8 38010000 		.4byte	.LFE3
 309 00ac 00000000 		.4byte	.LLST1
 310 00b0 08       		.uleb128 0x8
 311 00b1 95000000 		.4byte	.LASF9
 312 00b5 01       		.byte	0x1
 313 00b6 2C       		.byte	0x2c
 314 00b7 25000000 		.4byte	0x25
 315 00bb 05       		.byte	0x5
 316 00bc 03       		.byte	0x3
 317 00bd 00000000 		.4byte	index.1262
 318 00c1 08       		.uleb128 0x8
 319 00c2 EF000000 		.4byte	.LASF10
 320 00c6 01       		.byte	0x1
 321 00c7 2B       		.byte	0x2b
 322 00c8 3E000000 		.4byte	0x3e
 323 00cc 05       		.byte	0x5
 324 00cd 03       		.byte	0x3
 325 00ce 00000000 		.4byte	columnCounter.1261
 326 00d2 00       		.byte	0x0
 327 00d3 0A       		.uleb128 0xa
 328 00d4 E3000000 		.4byte	0xe3
 329 00d8 25000000 		.4byte	0x25
 330 00dc 0B       		.uleb128 0xb
 331 00dd E3000000 		.4byte	0xe3
 332 00e1 07       		.byte	0x7
 333 00e2 00       		.byte	0x0
 334 00e3 03       		.uleb128 0x3
 335 00e4 1F000000 		.4byte	.LASF11
 336 00e8 04       		.byte	0x4
 337 00e9 07       		.byte	0x7
ARM GAS  /cygdrive/c/Users/embedded/AppData/Local/Temp/ccfjMRog.s 			page 8


 338 00ea 0C       		.uleb128 0xc
 339 00eb 0D000000 		.4byte	.LASF12
 340 00ef 01       		.byte	0x1
 341 00f0 0D       		.byte	0xd
 342 00f1 D3000000 		.4byte	0xd3
 343 00f5 01       		.byte	0x1
 344 00f6 01       		.byte	0x1
 345 00f7 0C       		.uleb128 0xc
 346 00f8 D7000000 		.4byte	.LASF13
 347 00fc 01       		.byte	0x1
 348 00fd 0E       		.byte	0xe
 349 00fe 3E000000 		.4byte	0x3e
 350 0102 01       		.byte	0x1
 351 0103 01       		.byte	0x1
 352 0104 00       		.byte	0x0
 353              		.section	.debug_abbrev
 354 0000 01       		.uleb128 0x1
 355 0001 11       		.uleb128 0x11
 356 0002 01       		.byte	0x1
 357 0003 10       		.uleb128 0x10
 358 0004 06       		.uleb128 0x6
 359 0005 12       		.uleb128 0x12
 360 0006 01       		.uleb128 0x1
 361 0007 11       		.uleb128 0x11
 362 0008 01       		.uleb128 0x1
 363 0009 25       		.uleb128 0x25
 364 000a 0E       		.uleb128 0xe
 365 000b 13       		.uleb128 0x13
 366 000c 0B       		.uleb128 0xb
 367 000d 03       		.uleb128 0x3
 368 000e 0E       		.uleb128 0xe
 369 000f 1B       		.uleb128 0x1b
 370 0010 0E       		.uleb128 0xe
 371 0011 00       		.byte	0x0
 372 0012 00       		.byte	0x0
 373 0013 02       		.uleb128 0x2
 374 0014 16       		.uleb128 0x16
 375 0015 00       		.byte	0x0
 376 0016 03       		.uleb128 0x3
 377 0017 08       		.uleb128 0x8
 378 0018 3A       		.uleb128 0x3a
 379 0019 0B       		.uleb128 0xb
 380 001a 3B       		.uleb128 0x3b
 381 001b 0B       		.uleb128 0xb
 382 001c 49       		.uleb128 0x49
 383 001d 13       		.uleb128 0x13
 384 001e 00       		.byte	0x0
 385 001f 00       		.byte	0x0
 386 0020 03       		.uleb128 0x3
 387 0021 24       		.uleb128 0x24
 388 0022 00       		.byte	0x0
 389 0023 03       		.uleb128 0x3
 390 0024 0E       		.uleb128 0xe
 391 0025 0B       		.uleb128 0xb
 392 0026 0B       		.uleb128 0xb
 393 0027 3E       		.uleb128 0x3e
 394 0028 0B       		.uleb128 0xb
ARM GAS  /cygdrive/c/Users/embedded/AppData/Local/Temp/ccfjMRog.s 			page 9


 395 0029 00       		.byte	0x0
 396 002a 00       		.byte	0x0
 397 002b 04       		.uleb128 0x4
 398 002c 16       		.uleb128 0x16
 399 002d 00       		.byte	0x0
 400 002e 03       		.uleb128 0x3
 401 002f 0E       		.uleb128 0xe
 402 0030 3A       		.uleb128 0x3a
 403 0031 0B       		.uleb128 0xb
 404 0032 3B       		.uleb128 0x3b
 405 0033 0B       		.uleb128 0xb
 406 0034 49       		.uleb128 0x49
 407 0035 13       		.uleb128 0x13
 408 0036 00       		.byte	0x0
 409 0037 00       		.byte	0x0
 410 0038 05       		.uleb128 0x5
 411 0039 24       		.uleb128 0x24
 412 003a 00       		.byte	0x0
 413 003b 03       		.uleb128 0x3
 414 003c 08       		.uleb128 0x8
 415 003d 0B       		.uleb128 0xb
 416 003e 0B       		.uleb128 0xb
 417 003f 3E       		.uleb128 0x3e
 418 0040 0B       		.uleb128 0xb
 419 0041 00       		.byte	0x0
 420 0042 00       		.byte	0x0
 421 0043 06       		.uleb128 0x6
 422 0044 2E       		.uleb128 0x2e
 423 0045 01       		.byte	0x1
 424 0046 01       		.uleb128 0x1
 425 0047 13       		.uleb128 0x13
 426 0048 3F       		.uleb128 0x3f
 427 0049 0C       		.uleb128 0xc
 428 004a 03       		.uleb128 0x3
 429 004b 0E       		.uleb128 0xe
 430 004c 3A       		.uleb128 0x3a
 431 004d 0B       		.uleb128 0xb
 432 004e 3B       		.uleb128 0x3b
 433 004f 0B       		.uleb128 0xb
 434 0050 27       		.uleb128 0x27
 435 0051 0C       		.uleb128 0xc
 436 0052 11       		.uleb128 0x11
 437 0053 01       		.uleb128 0x1
 438 0054 12       		.uleb128 0x12
 439 0055 01       		.uleb128 0x1
 440 0056 40       		.uleb128 0x40
 441 0057 0A       		.uleb128 0xa
 442 0058 00       		.byte	0x0
 443 0059 00       		.byte	0x0
 444 005a 07       		.uleb128 0x7
 445 005b 05       		.uleb128 0x5
 446 005c 00       		.byte	0x0
 447 005d 03       		.uleb128 0x3
 448 005e 0E       		.uleb128 0xe
 449 005f 3A       		.uleb128 0x3a
 450 0060 0B       		.uleb128 0xb
 451 0061 3B       		.uleb128 0x3b
ARM GAS  /cygdrive/c/Users/embedded/AppData/Local/Temp/ccfjMRog.s 			page 10


 452 0062 0B       		.uleb128 0xb
 453 0063 49       		.uleb128 0x49
 454 0064 13       		.uleb128 0x13
 455 0065 02       		.uleb128 0x2
 456 0066 0A       		.uleb128 0xa
 457 0067 00       		.byte	0x0
 458 0068 00       		.byte	0x0
 459 0069 08       		.uleb128 0x8
 460 006a 34       		.uleb128 0x34
 461 006b 00       		.byte	0x0
 462 006c 03       		.uleb128 0x3
 463 006d 0E       		.uleb128 0xe
 464 006e 3A       		.uleb128 0x3a
 465 006f 0B       		.uleb128 0xb
 466 0070 3B       		.uleb128 0x3b
 467 0071 0B       		.uleb128 0xb
 468 0072 49       		.uleb128 0x49
 469 0073 13       		.uleb128 0x13
 470 0074 02       		.uleb128 0x2
 471 0075 0A       		.uleb128 0xa
 472 0076 00       		.byte	0x0
 473 0077 00       		.byte	0x0
 474 0078 09       		.uleb128 0x9
 475 0079 2E       		.uleb128 0x2e
 476 007a 01       		.byte	0x1
 477 007b 01       		.uleb128 0x1
 478 007c 13       		.uleb128 0x13
 479 007d 3F       		.uleb128 0x3f
 480 007e 0C       		.uleb128 0xc
 481 007f 03       		.uleb128 0x3
 482 0080 0E       		.uleb128 0xe
 483 0081 3A       		.uleb128 0x3a
 484 0082 0B       		.uleb128 0xb
 485 0083 3B       		.uleb128 0x3b
 486 0084 0B       		.uleb128 0xb
 487 0085 27       		.uleb128 0x27
 488 0086 0C       		.uleb128 0xc
 489 0087 11       		.uleb128 0x11
 490 0088 01       		.uleb128 0x1
 491 0089 12       		.uleb128 0x12
 492 008a 01       		.uleb128 0x1
 493 008b 40       		.uleb128 0x40
 494 008c 06       		.uleb128 0x6
 495 008d 00       		.byte	0x0
 496 008e 00       		.byte	0x0
 497 008f 0A       		.uleb128 0xa
 498 0090 01       		.uleb128 0x1
 499 0091 01       		.byte	0x1
 500 0092 01       		.uleb128 0x1
 501 0093 13       		.uleb128 0x13
 502 0094 49       		.uleb128 0x49
 503 0095 13       		.uleb128 0x13
 504 0096 00       		.byte	0x0
 505 0097 00       		.byte	0x0
 506 0098 0B       		.uleb128 0xb
 507 0099 21       		.uleb128 0x21
 508 009a 00       		.byte	0x0
ARM GAS  /cygdrive/c/Users/embedded/AppData/Local/Temp/ccfjMRog.s 			page 11


 509 009b 49       		.uleb128 0x49
 510 009c 13       		.uleb128 0x13
 511 009d 2F       		.uleb128 0x2f
 512 009e 0B       		.uleb128 0xb
 513 009f 00       		.byte	0x0
 514 00a0 00       		.byte	0x0
 515 00a1 0C       		.uleb128 0xc
 516 00a2 34       		.uleb128 0x34
 517 00a3 00       		.byte	0x0
 518 00a4 03       		.uleb128 0x3
 519 00a5 0E       		.uleb128 0xe
 520 00a6 3A       		.uleb128 0x3a
 521 00a7 0B       		.uleb128 0xb
 522 00a8 3B       		.uleb128 0x3b
 523 00a9 0B       		.uleb128 0xb
 524 00aa 49       		.uleb128 0x49
 525 00ab 13       		.uleb128 0x13
 526 00ac 3F       		.uleb128 0x3f
 527 00ad 0C       		.uleb128 0xc
 528 00ae 3C       		.uleb128 0x3c
 529 00af 0C       		.uleb128 0xc
 530 00b0 00       		.byte	0x0
 531 00b1 00       		.byte	0x0
 532 00b2 00       		.byte	0x0
 533              		.section	.debug_pubnames,"",%progbits
 534 0000 29000000 		.4byte	0x29
 535 0004 0200     		.2byte	0x2
 536 0006 00000000 		.4byte	.Ldebug_info0
 537 000a 05010000 		.4byte	0x105
 538 000e 65000000 		.4byte	0x65
 539 0012 73656E64 		.ascii	"send_SPI\000"
 539      5F535049 
 539      00
 540 001b 97000000 		.4byte	0x97
 541 001f 6C65644D 		.ascii	"ledMatrix\000"
 541      61747269 
 541      7800
 542 0029 00000000 		.4byte	0x0
 543              		.section	.debug_aranges,"",%progbits
 544 0000 1C000000 		.4byte	0x1c
 545 0004 0200     		.2byte	0x2
 546 0006 00000000 		.4byte	.Ldebug_info0
 547 000a 04       		.byte	0x4
 548 000b 00       		.byte	0x0
 549 000c 0000     		.2byte	0x0
 550 000e 0000     		.2byte	0x0
 551 0010 00000000 		.4byte	.Ltext0
 552 0014 38010000 		.4byte	.Letext0-.Ltext0
 553 0018 00000000 		.4byte	0x0
 554 001c 00000000 		.4byte	0x0
 555              		.section	.debug_str,"MS",%progbits,1
 556              	.LASF3:
 557 0000 756E7369 		.ascii	"unsigned int\000"
 557      676E6564 
 557      20696E74 
 557      00
 558              	.LASF12:
ARM GAS  /cygdrive/c/Users/embedded/AppData/Local/Temp/ccfjMRog.s 			page 12


 559 000d 70617474 		.ascii	"pattern\000"
 559      65726E00 
 560              	.LASF7:
 561 0015 6C65644D 		.ascii	"ledMatrix\000"
 561      61747269 
 561      7800
 562              	.LASF11:
 563 001f 6C6F6E67 		.ascii	"long unsigned int\000"
 563      20756E73 
 563      69676E65 
 563      6420696E 
 563      7400
 564              	.LASF8:
 565 0031 6661696C 		.ascii	"failsafe\000"
 565      73616665 
 565      00
 566              	.LASF6:
 567 003a 73656E64 		.ascii	"send_SPI\000"
 567      5F535049 
 567      00
 568              	.LASF0:
 569 0043 756E7369 		.ascii	"unsigned char\000"
 569      676E6564 
 569      20636861 
 569      7200
 570              	.LASF16:
 571 0051 2F637967 		.ascii	"/cygdrive/c/Users/embedded/Desktop/finalo_lpc2148_v"
 571      64726976 
 571      652F632F 
 571      55736572 
 571      732F656D 
 572 0084 332F7265 		.ascii	"3/reflexgame/irq\000"
 572      666C6578 
 572      67616D65 
 572      2F697271 
 572      00
 573              	.LASF9:
 574 0095 696E6465 		.ascii	"index\000"
 574      7800
 575              	.LASF14:
 576 009b 474E5520 		.ascii	"GNU C 4.1.1\000"
 576      4320342E 
 576      312E3100 
 577              	.LASF1:
 578 00a7 73686F72 		.ascii	"short unsigned int\000"
 578      7420756E 
 578      7369676E 
 578      65642069 
 578      6E7400
 579              	.LASF4:
 580 00ba 7369676E 		.ascii	"signed char\000"
 580      65642063 
 580      68617200 
 581              	.LASF17:
 582 00c6 696E6461 		.ascii	"indata\000"
 582      746100
 583              	.LASF5:
ARM GAS  /cygdrive/c/Users/embedded/AppData/Local/Temp/ccfjMRog.s 			page 13


 584 00cd 73686F72 		.ascii	"short int\000"
 584      7420696E 
 584      7400
 585              	.LASF13:
 586 00d7 74696D65 		.ascii	"timer\000"
 586      7200
 587              	.LASF15:
 588 00dd 6972715F 		.ascii	"irq_timer1.c\000"
 588      74696D65 
 588      72312E63 
 588      00
 589              	.LASF2:
 590 00ea 74553332 		.ascii	"tU32\000"
 590      00
 591              	.LASF10:
 592 00ef 636F6C75 		.ascii	"columnCounter\000"
 592      6D6E436F 
 592      756E7465 
 592      7200
 593              		.ident	"GCC: (GNU) 4.1.1"
ARM GAS  /cygdrive/c/Users/embedded/AppData/Local/Temp/ccfjMRog.s 			page 14


DEFINED SYMBOLS
                            *ABS*:00000000 irq_timer1.c
/cygdrive/c/Users/embedded/AppData/Local/Temp/ccfjMRog.s:13     .text:00000000 send_SPI
/cygdrive/c/Users/embedded/AppData/Local/Temp/ccfjMRog.s:23     .text:00000000 $a
/cygdrive/c/Users/embedded/AppData/Local/Temp/ccfjMRog.s:78     .text:00000084 $d
/cygdrive/c/Users/embedded/AppData/Local/Temp/ccfjMRog.s:87     .text:00000094 ledMatrix
/cygdrive/c/Users/embedded/AppData/Local/Temp/ccfjMRog.s:93     .text:00000094 $a
/cygdrive/c/Users/embedded/AppData/Local/Temp/ccfjMRog.s:153    .text:00000124 $d
/cygdrive/c/Users/embedded/AppData/Local/Temp/ccfjMRog.s:167    .data:00000000 columnCounter.1261
/cygdrive/c/Users/embedded/AppData/Local/Temp/ccfjMRog.s:161    .bss:00000000 index.1262
/cygdrive/c/Users/embedded/AppData/Local/Temp/ccfjMRog.s:168    .data:00000000 $d

UNDEFINED SYMBOLS
pattern
timer
