ARM GAS  /cygdrive/c/Users/embedded/AppData/Local/Temp/ccnzdRV1.s 			page 1


   1              		.code	16
   2              		.file	"motor.c"
   3              		.section	.debug_abbrev,"",%progbits
   4              	.Ldebug_abbrev0:
   5              		.section	.debug_info,"",%progbits
   6              	.Ldebug_info0:
   7              		.section	.debug_line,"",%progbits
   8              	.Ldebug_line0:
   9 0000 6B000000 		.text
   9      02004800 
   9      00000201 
   9      FB0E0D00 
   9      01010101 
  10              	.Ltext0:
  11              		.align	2
  12              		.global	testMotor
  13              		.code 16
  14              		.thumb_func
  15              		.type	testMotor, %function
  16              	testMotor:
  17              	.LFB2:
  18              		.file 1 "motor.c"
   1:motor.c       **** 
   2:motor.c       **** 
   3:motor.c       **** 
   4:motor.c       **** 
   5:motor.c       **** #include "../pre_emptive_os/api/osapi.h"
   6:motor.c       **** #include "../pre_emptive_os/api/general.h"
   7:motor.c       **** #include <printf_P.h>
   8:motor.c       **** #include <lpc2xxx.h>
   9:motor.c       **** 
  10:motor.c       **** 
  11:motor.c       **** void testMotor(void)
  12:motor.c       **** {
  19              		.loc 1 12 0
  20 0000 10B5     		push	{r4, lr}
  21              	.LCFI0:
  13:motor.c       **** 	static tU32 stepmotorSteps[4] = {(1<<12 | 1<<21), 1<<21, 0x00, 1<<12};  //P0.21 and P0.12 are used
  14:motor.c       **** 	static tU8 stepmotorIndex = 0;
  15:motor.c       **** 	tU8 i;
  16:motor.c       **** 	IODIR0 |= (1<<12 | 1<<21);
  22              		.loc 1 16 0
  23 0002 104A     		ldr	r2, .L7
  24 0004 1049     		ldr	r1, .L7+4
  25 0006 1368     		ldr	r3, [r2]
  26 0008 0B43     		orr	r3, r3, r1
  27 000a 1360     		str	r3, [r2]
  17:motor.c       **** 	IOCLR0  = stepmotorSteps[0];
  28              		.loc 1 17 0
  29 000c 0F4B     		ldr	r3, .L7+8
  30 000e 1960     		str	r1, [r3]
  31 0010 0024     		mov	r4, #0
  32              	.LVL0:
  33              	.L2:
  18:motor.c       **** 	for(i=0; i<5*3; i++)
  19:motor.c       **** 	{  
  20:motor.c       **** 		//update to new step (forward)
ARM GAS  /cygdrive/c/Users/embedded/AppData/Local/Temp/ccnzdRV1.s 			page 2


  21:motor.c       **** 		stepmotorIndex = (stepmotorIndex + 1) & 0x03;
  34              		.loc 1 21 0
  35 0012 0F49     		ldr	r1, .L7+12
  36 0014 0B78     		ldrb	r3, [r1]
  37 0016 0322     		mov	r2, #3
  38 0018 0133     		add	r3, r3, #1
  39 001a 1340     		and	r3, r3, r2
  40 001c 0B70     		strb	r3, [r1]
  22:motor.c       **** 
  23:motor.c       **** 		//output new step
  24:motor.c       **** 		IOCLR0 = stepmotorSteps[0];
  41              		.loc 1 24 0
  42 001e 0B4A     		ldr	r2, .L7+8
  43 0020 0949     		ldr	r1, .L7+4
  44 0022 1160     		str	r1, [r2]
  25:motor.c       **** 		IOSET0 = stepmotorSteps[stepmotorIndex];
  45              		.loc 1 25 0
  46 0024 0B4A     		ldr	r2, .L7+16
  47 0026 9B00     		lsl	r3, r3, #2
  48 0028 9A58     		ldr	r2, [r3, r2]
  49 002a 0B4B     		ldr	r3, .L7+20
  26:motor.c       **** 		osSleep(5);
  50              		.loc 1 26 0
  51 002c 0520     		mov	r0, #5
  52              		.loc 1 25 0
  53 002e 1A60     		str	r2, [r3]
  54              		.loc 1 26 0
  55 0030 FFF7FEFF 		bl	osSleep
  56              		.loc 1 18 0
  57 0034 631C     		add	r3, r4, #1
  58 0036 1B06     		lsl	r3, r3, #24
  59 0038 1C0E     		lsr	r4, r3, #24
  60 003a 0F2C     		cmp	r4, #15
  61 003c E9D1     		bne	.L2
  27:motor.c       **** 	}
  28:motor.c       **** }
  62              		.loc 1 28 0
  63              		@ sp needed for prologue
  64              	.LVL1:
  65 003e 10BC     		pop	{r4}
  66 0040 01BC     		pop	{r0}
  67 0042 0047     		bx	r0
  68              	.L8:
  69              		.align	2
  70              	.L7:
  71 0044 088002E0 		.word	-536707064
  72 0048 00102000 		.word	2101248
  73 004c 0C8002E0 		.word	-536707060
  74 0050 00000000 		.word	stepmotorIndex.1401
  75 0054 00000000 		.word	stepmotorSteps.1400
  76 0058 048002E0 		.word	-536707068
  77              	.LFE2:
  78              		.size	testMotor, .-testMotor
  79              		.bss
  80              	stepmotorIndex.1401:
  81 0000 00       		.space	1
  82              		.section	.rodata
ARM GAS  /cygdrive/c/Users/embedded/AppData/Local/Temp/ccnzdRV1.s 			page 3


  83              		.align	2
  84              		.type	stepmotorSteps.1400, %object
  85              		.size	stepmotorSteps.1400, 16
  86              	stepmotorSteps.1400:
  87 0000 00102000 		.word	2101248
  88 0004 00002000 		.word	2097152
  89 0008 00000000 		.word	0
  90 000c 00100000 		.word	4096
  91              		.section	.debug_frame,"",%progbits
  92              	.Lframe0:
  93 0000 0C000000 		.4byte	.LECIE0-.LSCIE0
  94              	.LSCIE0:
  95 0004 FFFFFFFF 		.4byte	0xffffffff
  96 0008 01       		.byte	0x1
  97 0009 00       		.ascii	"\000"
  98 000a 01       		.uleb128 0x1
  99 000b 7C       		.sleb128 -4
 100 000c 0E       		.byte	0xe
 101 000d 0C       		.byte	0xc
 102 000e 0D       		.uleb128 0xd
 103 000f 00       		.uleb128 0x0
 104              		.align	2
 105              	.LECIE0:
 106              	.LSFDE0:
 107 0010 14000000 		.4byte	.LEFDE0-.LASFDE0
 108              	.LASFDE0:
 109 0014 00000000 		.4byte	.Lframe0
 110 0018 00000000 		.4byte	.LFB2
 111 001c 5C000000 		.4byte	.LFE2-.LFB2
 112 0020 42       		.byte	0x4
 113              		.4byte	.LCFI0-.LFB2
 114 0021 0E       		.byte	0xe
 115 0022 08       		.uleb128 0x8
 116 0023 84       		.byte	0x84
 117 0024 02       		.uleb128 0x2
 118 0025 8E       		.byte	0x8e
 119 0026 01       		.uleb128 0x1
 120 0027 00       		.align	2
 121              	.LEFDE0:
 122              		.file 2 "../pre_emptive_os/api/../api/general.h"
 123              		.text
 124              	.Letext0:
 125              		.section	.debug_loc,"",%progbits
 126              	.Ldebug_loc0:
 127              	.LLST0:
 128 0000 00000000 		.4byte	.LFB2-.Ltext0
 129 0004 02000000 		.4byte	.LCFI0-.Ltext0
 130 0008 0100     		.2byte	0x1
 131 000a 5D       		.byte	0x5d
 132 000b 02000000 		.4byte	.LCFI0-.Ltext0
 133 000f 5C000000 		.4byte	.LFE2-.Ltext0
 134 0013 0200     		.2byte	0x2
 135 0015 7D       		.byte	0x7d
 136 0016 08       		.sleb128 8
 137 0017 00000000 		.4byte	0x0
 138 001b 00000000 		.4byte	0x0
 139              	.LLST1:
ARM GAS  /cygdrive/c/Users/embedded/AppData/Local/Temp/ccnzdRV1.s 			page 4


 140 001f 12000000 		.4byte	.LVL0-.Ltext0
 141 0023 3E000000 		.4byte	.LVL1-.Ltext0
 142 0027 0100     		.2byte	0x1
 143 0029 54       		.byte	0x54
 144 002a 00000000 		.4byte	0x0
 145 002e 00000000 		.4byte	0x0
 146              		.section	.debug_info
 147 0000 C7000000 		.4byte	0xc7
 148 0004 0200     		.2byte	0x2
 149 0006 00000000 		.4byte	.Ldebug_abbrev0
 150 000a 04       		.byte	0x4
 151 000b 01       		.uleb128 0x1
 152 000c 00000000 		.4byte	.Ldebug_line0
 153 0010 5C000000 		.4byte	.Letext0
 154 0014 00000000 		.4byte	.Ltext0
 155 0018 A6000000 		.4byte	.LASF9
 156 001c 01       		.byte	0x1
 157 001d 0F000000 		.4byte	.LASF10
 158 0021 66000000 		.4byte	.LASF11
 159 0025 02       		.uleb128 0x2
 160 0026 74553800 		.ascii	"tU8\000"
 161 002a 02       		.byte	0x2
 162 002b 47       		.byte	0x47
 163 002c 30000000 		.4byte	0x30
 164 0030 03       		.uleb128 0x3
 165 0031 26000000 		.4byte	.LASF0
 166 0035 01       		.byte	0x1
 167 0036 08       		.byte	0x8
 168 0037 03       		.uleb128 0x3
 169 0038 46000000 		.4byte	.LASF1
 170 003c 02       		.byte	0x2
 171 003d 07       		.byte	0x7
 172 003e 04       		.uleb128 0x4
 173 003f B2000000 		.4byte	.LASF2
 174 0043 02       		.byte	0x2
 175 0044 49       		.byte	0x49
 176 0045 49000000 		.4byte	0x49
 177 0049 03       		.uleb128 0x3
 178 004a 59000000 		.4byte	.LASF3
 179 004e 04       		.byte	0x4
 180 004f 07       		.byte	0x7
 181 0050 03       		.uleb128 0x3
 182 0051 CB000000 		.4byte	.LASF4
 183 0055 01       		.byte	0x1
 184 0056 06       		.byte	0x6
 185 0057 03       		.uleb128 0x3
 186 0058 B7000000 		.4byte	.LASF5
 187 005c 02       		.byte	0x2
 188 005d 05       		.byte	0x5
 189 005e 05       		.uleb128 0x5
 190 005f 696E7400 		.ascii	"int\000"
 191 0063 04       		.byte	0x4
 192 0064 05       		.byte	0x5
 193 0065 03       		.uleb128 0x3
 194 0066 34000000 		.4byte	.LASF6
 195 006a 04       		.byte	0x4
 196 006b 07       		.byte	0x7
ARM GAS  /cygdrive/c/Users/embedded/AppData/Local/Temp/ccnzdRV1.s 			page 5


 197 006c 06       		.uleb128 0x6
 198 006d B5000000 		.4byte	0xb5
 199 0071 01       		.byte	0x1
 200 0072 C1000000 		.4byte	.LASF12
 201 0076 01       		.byte	0x1
 202 0077 0C       		.byte	0xc
 203 0078 01       		.byte	0x1
 204 0079 00000000 		.4byte	.LFB2
 205 007d 5C000000 		.4byte	.LFE2
 206 0081 00000000 		.4byte	.LLST0
 207 0085 07       		.uleb128 0x7
 208 0086 6900     		.ascii	"i\000"
 209 0088 01       		.byte	0x1
 210 0089 0F       		.byte	0xf
 211 008a 25000000 		.4byte	0x25
 212 008e 1F000000 		.4byte	.LLST1
 213 0092 08       		.uleb128 0x8
 214 0093 17000000 		.4byte	.LASF7
 215 0097 01       		.byte	0x1
 216 0098 0E       		.byte	0xe
 217 0099 25000000 		.4byte	0x25
 218 009d 05       		.byte	0x5
 219 009e 03       		.byte	0x3
 220 009f 00000000 		.4byte	stepmotorIndex.1401
 221 00a3 08       		.uleb128 0x8
 222 00a4 00000000 		.4byte	.LASF8
 223 00a8 01       		.byte	0x1
 224 00a9 0D       		.byte	0xd
 225 00aa C5000000 		.4byte	0xc5
 226 00ae 05       		.byte	0x5
 227 00af 03       		.byte	0x3
 228 00b0 00000000 		.4byte	stepmotorSteps.1400
 229 00b4 00       		.byte	0x0
 230 00b5 09       		.uleb128 0x9
 231 00b6 C5000000 		.4byte	0xc5
 232 00ba 3E000000 		.4byte	0x3e
 233 00be 0A       		.uleb128 0xa
 234 00bf 65000000 		.4byte	0x65
 235 00c3 03       		.byte	0x3
 236 00c4 00       		.byte	0x0
 237 00c5 0B       		.uleb128 0xb
 238 00c6 B5000000 		.4byte	0xb5
 239 00ca 00       		.byte	0x0
 240              		.section	.debug_abbrev
 241 0000 01       		.uleb128 0x1
 242 0001 11       		.uleb128 0x11
 243 0002 01       		.byte	0x1
 244 0003 10       		.uleb128 0x10
 245 0004 06       		.uleb128 0x6
 246 0005 12       		.uleb128 0x12
 247 0006 01       		.uleb128 0x1
 248 0007 11       		.uleb128 0x11
 249 0008 01       		.uleb128 0x1
 250 0009 25       		.uleb128 0x25
 251 000a 0E       		.uleb128 0xe
 252 000b 13       		.uleb128 0x13
 253 000c 0B       		.uleb128 0xb
ARM GAS  /cygdrive/c/Users/embedded/AppData/Local/Temp/ccnzdRV1.s 			page 6


 254 000d 03       		.uleb128 0x3
 255 000e 0E       		.uleb128 0xe
 256 000f 1B       		.uleb128 0x1b
 257 0010 0E       		.uleb128 0xe
 258 0011 00       		.byte	0x0
 259 0012 00       		.byte	0x0
 260 0013 02       		.uleb128 0x2
 261 0014 16       		.uleb128 0x16
 262 0015 00       		.byte	0x0
 263 0016 03       		.uleb128 0x3
 264 0017 08       		.uleb128 0x8
 265 0018 3A       		.uleb128 0x3a
 266 0019 0B       		.uleb128 0xb
 267 001a 3B       		.uleb128 0x3b
 268 001b 0B       		.uleb128 0xb
 269 001c 49       		.uleb128 0x49
 270 001d 13       		.uleb128 0x13
 271 001e 00       		.byte	0x0
 272 001f 00       		.byte	0x0
 273 0020 03       		.uleb128 0x3
 274 0021 24       		.uleb128 0x24
 275 0022 00       		.byte	0x0
 276 0023 03       		.uleb128 0x3
 277 0024 0E       		.uleb128 0xe
 278 0025 0B       		.uleb128 0xb
 279 0026 0B       		.uleb128 0xb
 280 0027 3E       		.uleb128 0x3e
 281 0028 0B       		.uleb128 0xb
 282 0029 00       		.byte	0x0
 283 002a 00       		.byte	0x0
 284 002b 04       		.uleb128 0x4
 285 002c 16       		.uleb128 0x16
 286 002d 00       		.byte	0x0
 287 002e 03       		.uleb128 0x3
 288 002f 0E       		.uleb128 0xe
 289 0030 3A       		.uleb128 0x3a
 290 0031 0B       		.uleb128 0xb
 291 0032 3B       		.uleb128 0x3b
 292 0033 0B       		.uleb128 0xb
 293 0034 49       		.uleb128 0x49
 294 0035 13       		.uleb128 0x13
 295 0036 00       		.byte	0x0
 296 0037 00       		.byte	0x0
 297 0038 05       		.uleb128 0x5
 298 0039 24       		.uleb128 0x24
 299 003a 00       		.byte	0x0
 300 003b 03       		.uleb128 0x3
 301 003c 08       		.uleb128 0x8
 302 003d 0B       		.uleb128 0xb
 303 003e 0B       		.uleb128 0xb
 304 003f 3E       		.uleb128 0x3e
 305 0040 0B       		.uleb128 0xb
 306 0041 00       		.byte	0x0
 307 0042 00       		.byte	0x0
 308 0043 06       		.uleb128 0x6
 309 0044 2E       		.uleb128 0x2e
 310 0045 01       		.byte	0x1
ARM GAS  /cygdrive/c/Users/embedded/AppData/Local/Temp/ccnzdRV1.s 			page 7


 311 0046 01       		.uleb128 0x1
 312 0047 13       		.uleb128 0x13
 313 0048 3F       		.uleb128 0x3f
 314 0049 0C       		.uleb128 0xc
 315 004a 03       		.uleb128 0x3
 316 004b 0E       		.uleb128 0xe
 317 004c 3A       		.uleb128 0x3a
 318 004d 0B       		.uleb128 0xb
 319 004e 3B       		.uleb128 0x3b
 320 004f 0B       		.uleb128 0xb
 321 0050 27       		.uleb128 0x27
 322 0051 0C       		.uleb128 0xc
 323 0052 11       		.uleb128 0x11
 324 0053 01       		.uleb128 0x1
 325 0054 12       		.uleb128 0x12
 326 0055 01       		.uleb128 0x1
 327 0056 40       		.uleb128 0x40
 328 0057 06       		.uleb128 0x6
 329 0058 00       		.byte	0x0
 330 0059 00       		.byte	0x0
 331 005a 07       		.uleb128 0x7
 332 005b 34       		.uleb128 0x34
 333 005c 00       		.byte	0x0
 334 005d 03       		.uleb128 0x3
 335 005e 08       		.uleb128 0x8
 336 005f 3A       		.uleb128 0x3a
 337 0060 0B       		.uleb128 0xb
 338 0061 3B       		.uleb128 0x3b
 339 0062 0B       		.uleb128 0xb
 340 0063 49       		.uleb128 0x49
 341 0064 13       		.uleb128 0x13
 342 0065 02       		.uleb128 0x2
 343 0066 06       		.uleb128 0x6
 344 0067 00       		.byte	0x0
 345 0068 00       		.byte	0x0
 346 0069 08       		.uleb128 0x8
 347 006a 34       		.uleb128 0x34
 348 006b 00       		.byte	0x0
 349 006c 03       		.uleb128 0x3
 350 006d 0E       		.uleb128 0xe
 351 006e 3A       		.uleb128 0x3a
 352 006f 0B       		.uleb128 0xb
 353 0070 3B       		.uleb128 0x3b
 354 0071 0B       		.uleb128 0xb
 355 0072 49       		.uleb128 0x49
 356 0073 13       		.uleb128 0x13
 357 0074 02       		.uleb128 0x2
 358 0075 0A       		.uleb128 0xa
 359 0076 00       		.byte	0x0
 360 0077 00       		.byte	0x0
 361 0078 09       		.uleb128 0x9
 362 0079 01       		.uleb128 0x1
 363 007a 01       		.byte	0x1
 364 007b 01       		.uleb128 0x1
 365 007c 13       		.uleb128 0x13
 366 007d 49       		.uleb128 0x49
 367 007e 13       		.uleb128 0x13
ARM GAS  /cygdrive/c/Users/embedded/AppData/Local/Temp/ccnzdRV1.s 			page 8


 368 007f 00       		.byte	0x0
 369 0080 00       		.byte	0x0
 370 0081 0A       		.uleb128 0xa
 371 0082 21       		.uleb128 0x21
 372 0083 00       		.byte	0x0
 373 0084 49       		.uleb128 0x49
 374 0085 13       		.uleb128 0x13
 375 0086 2F       		.uleb128 0x2f
 376 0087 0B       		.uleb128 0xb
 377 0088 00       		.byte	0x0
 378 0089 00       		.byte	0x0
 379 008a 0B       		.uleb128 0xb
 380 008b 26       		.uleb128 0x26
 381 008c 00       		.byte	0x0
 382 008d 49       		.uleb128 0x49
 383 008e 13       		.uleb128 0x13
 384 008f 00       		.byte	0x0
 385 0090 00       		.byte	0x0
 386 0091 00       		.byte	0x0
 387              		.section	.debug_pubnames,"",%progbits
 388 0000 1C000000 		.4byte	0x1c
 389 0004 0200     		.2byte	0x2
 390 0006 00000000 		.4byte	.Ldebug_info0
 391 000a CB000000 		.4byte	0xcb
 392 000e 6C000000 		.4byte	0x6c
 393 0012 74657374 		.ascii	"testMotor\000"
 393      4D6F746F 
 393      7200
 394 001c 00000000 		.4byte	0x0
 395              		.section	.debug_aranges,"",%progbits
 396 0000 1C000000 		.4byte	0x1c
 397 0004 0200     		.2byte	0x2
 398 0006 00000000 		.4byte	.Ldebug_info0
 399 000a 04       		.byte	0x4
 400 000b 00       		.byte	0x0
 401 000c 0000     		.2byte	0x0
 402 000e 0000     		.2byte	0x0
 403 0010 00000000 		.4byte	.Ltext0
 404 0014 5C000000 		.4byte	.Letext0-.Ltext0
 405 0018 00000000 		.4byte	0x0
 406 001c 00000000 		.4byte	0x0
 407              		.section	.debug_str,"MS",%progbits,1
 408              	.LASF8:
 409 0000 73746570 		.ascii	"stepmotorSteps\000"
 409      6D6F746F 
 409      72537465 
 409      707300
 410              	.LASF10:
 411 000f 6D6F746F 		.ascii	"motor.c\000"
 411      722E6300 
 412              	.LASF7:
 413 0017 73746570 		.ascii	"stepmotorIndex\000"
 413      6D6F746F 
 413      72496E64 
 413      657800
 414              	.LASF0:
 415 0026 756E7369 		.ascii	"unsigned char\000"
ARM GAS  /cygdrive/c/Users/embedded/AppData/Local/Temp/ccnzdRV1.s 			page 9


 415      676E6564 
 415      20636861 
 415      7200
 416              	.LASF6:
 417 0034 6C6F6E67 		.ascii	"long unsigned int\000"
 417      20756E73 
 417      69676E65 
 417      6420696E 
 417      7400
 418              	.LASF1:
 419 0046 73686F72 		.ascii	"short unsigned int\000"
 419      7420756E 
 419      7369676E 
 419      65642069 
 419      6E7400
 420              	.LASF3:
 421 0059 756E7369 		.ascii	"unsigned int\000"
 421      676E6564 
 421      20696E74 
 421      00
 422              	.LASF11:
 423 0066 2F637967 		.ascii	"/cygdrive/c/Users/embedded/Desktop/finalo_lpc2148_v"
 423      64726976 
 423      652F632F 
 423      55736572 
 423      732F656D 
 424 0099 332F7265 		.ascii	"3/reflexgame\000"
 424      666C6578 
 424      67616D65 
 424      00
 425              	.LASF9:
 426 00a6 474E5520 		.ascii	"GNU C 4.1.1\000"
 426      4320342E 
 426      312E3100 
 427              	.LASF2:
 428 00b2 74553332 		.ascii	"tU32\000"
 428      00
 429              	.LASF5:
 430 00b7 73686F72 		.ascii	"short int\000"
 430      7420696E 
 430      7400
 431              	.LASF12:
 432 00c1 74657374 		.ascii	"testMotor\000"
 432      4D6F746F 
 432      7200
 433              	.LASF4:
 434 00cb 7369676E 		.ascii	"signed char\000"
 434      65642063 
 434      68617200 
 435              		.ident	"GCC: (GNU) 4.1.1"
ARM GAS  /cygdrive/c/Users/embedded/AppData/Local/Temp/ccnzdRV1.s 			page 10


DEFINED SYMBOLS
                            *ABS*:00000000 motor.c
/cygdrive/c/Users/embedded/AppData/Local/Temp/ccnzdRV1.s:1      .text:00000000 $t
/cygdrive/c/Users/embedded/AppData/Local/Temp/ccnzdRV1.s:16     .text:00000000 testMotor
/cygdrive/c/Users/embedded/AppData/Local/Temp/ccnzdRV1.s:71     .text:00000044 $d
/cygdrive/c/Users/embedded/AppData/Local/Temp/ccnzdRV1.s:80     .bss:00000000 stepmotorIndex.1401
/cygdrive/c/Users/embedded/AppData/Local/Temp/ccnzdRV1.s:86     .rodata:00000000 stepmotorSteps.1400
/cygdrive/c/Users/embedded/AppData/Local/Temp/ccnzdRV1.s:87     .rodata:00000000 $d

UNDEFINED SYMBOLS
osSleep
